[00:01:43] [Server thread/INFO]: Received mission: §9Survival of the Fittest!
[00:01:43] [Server thread/INFO]: Source: §a127.0.0.1
[00:01:43] [Client thread/INFO]: [CHAT] Received mission: §9Survival of the Fittest!
[00:01:43] [Client thread/INFO]: [CHAT] Source: §a127.0.0.1
[00:01:48] [Server thread/WARN]: Can't keep up! Did the system time change, or is the server overloaded? Running 4705ms behind, skipping 94 tick(s)
[00:01:48] [Client thread/INFO]: [CHAT] §c§l1...
[00:01:48] [Client thread/INFO]: [CHAT] §c§l0...
[00:01:50] [Server thread/INFO]: Received mission: §9Survival of the Fittest!
[00:01:50] [Server thread/INFO]: Source: §a127.0.0.1
[00:01:50] [Client thread/INFO]: [CHAT] Received mission: §9Survival of the Fittest!
[00:01:50] [Client thread/INFO]: [CHAT] Source: §a127.0.0.1
[00:01:55] [Client thread/INFO]: [CHAT] §c§l1...
[00:01:55] [Client thread/INFO]: [CHAT] §c§l0...
[00:01:55] [Server thread/INFO]: Received mission: §9Survival of the Fittest!
[00:01:55] [Server thread/INFO]: Source: §a127.0.0.1
[00:01:55] [Client thread/INFO]: [CHAT] Received mission: §9Survival of the Fittest!
[00:01:55] [Client thread/INFO]: [CHAT] Source: §a127.0.0.1
[00:02:00] [Client thread/INFO]: [CHAT] §l30...
[00:02:01] [Client thread/INFO]: [CHAT] §l29...
[00:02:02] [Client thread/INFO]: [CHAT] §l28...
[00:02:03] [Client thread/INFO]: [CHAT] §l27...
[00:02:04] [Client thread/INFO]: [CHAT] §l26...
[00:02:05] [Client thread/INFO]: [CHAT] §l25...
[00:02:06] [Client thread/INFO]: [CHAT] §l24...
[00:02:07] [Client thread/INFO]: [CHAT] §l23...
[00:02:08] [Client thread/INFO]: [CHAT] §l22...
[00:02:09] [Client thread/INFO]: [CHAT] §l21...
[00:02:10] [Client thread/INFO]: [CHAT] §l20...
[00:02:11] [Client thread/INFO]: [CHAT] §l19...
[00:02:12] [Client thread/INFO]: [CHAT] §l18...
[00:02:13] [Client thread/INFO]: [CHAT] §l17...
[00:02:13] [Server thread/INFO]: SOTF Bot was slain by Zombie
[00:02:13] [Client thread/INFO]: [CHAT] SOTF Bot was slain by Zombie
[00:02:14] [Client thread/INFO]: [CHAT] §l16...
[00:08:19] [Server thread/INFO]: Received mission: §9Survival of the Fittest!
[00:08:19] [Server thread/INFO]: Source: §a127.0.0.1
[00:08:19] [Client thread/INFO]: [CHAT] Received mission: §9Survival of the Fittest!
[00:08:19] [Client thread/INFO]: [CHAT] Source: §a127.0.0.1
[00:08:24] [Server thread/WARN]: Can't keep up! Did the system time change, or is the server overloaded? Running 4679ms behind, skipping 93 tick(s)
[00:08:28] [Server thread/INFO]: Received mission: §9Survival of the Fittest!
[00:08:28] [Server thread/INFO]: Source: §a127.0.0.1
[00:08:28] [Client thread/INFO]: [CHAT] Received mission: §9Survival of the Fittest!
[00:08:28] [Client thread/INFO]: [CHAT] Source: §a127.0.0.1
[00:08:32] [Client thread/INFO]: [CHAT] §c§l1...
[00:08:32] [Client thread/INFO]: [CHAT] §c§l0...
[00:08:33] [Server thread/INFO]: Received mission: §9Survival of the Fittest!
[00:08:33] [Server thread/INFO]: Source: §a127.0.0.1
[00:08:33] [Client thread/INFO]: [CHAT] Received mission: §9Survival of the Fittest!
[00:08:33] [Client thread/INFO]: [CHAT] Source: §a127.0.0.1
[00:08:37] [Client thread/INFO]: [CHAT] §l30...
[00:08:38] [Client thread/INFO]: [CHAT] §l29...
[00:08:39] [Client thread/INFO]: [CHAT] §l28...
[00:08:40] [Client thread/INFO]: [CHAT] §l27...
[00:08:41] [Client thread/INFO]: [CHAT] §l26...
[00:08:42] [Client thread/INFO]: [CHAT] §l25...
[00:08:43] [Client thread/INFO]: [CHAT] §l24...
[00:08:44] [Client thread/INFO]: [CHAT] §l23...
[00:08:45] [Client thread/INFO]: [CHAT] §l22...
[00:08:46] [Client thread/INFO]: [CHAT] §l21...
[00:08:47] [Client thread/INFO]: [CHAT] §l20...
[00:08:48] [Client thread/INFO]: [CHAT] §l19...
[00:08:49] [Client thread/INFO]: [CHAT] §l18...
[00:08:50] [Client thread/INFO]: [CHAT] §l17...
[00:08:51] [Server thread/INFO]: SOTF Bot was slain by Zombie
[00:08:51] [Client thread/INFO]: [CHAT] SOTF Bot was slain by Zombie
[00:08:51] [Client thread/INFO]: [CHAT] §l16...
[00:10:06] [Server thread/INFO]: Received mission: §9Survival of the Fittest!
[00:10:06] [Server thread/INFO]: Source: §a127.0.0.1
[00:10:06] [Client thread/INFO]: [CHAT] Received mission: §9Survival of the Fittest!
[00:10:06] [Client thread/INFO]: [CHAT] Source: §a127.0.0.1
[00:10:10] [Server thread/WARN]: Can't keep up! Did the system time change, or is the server overloaded? Running 4266ms behind, skipping 85 tick(s)
[00:10:11] [Client thread/INFO]: [CHAT] §c§l1...
[00:10:11] [Client thread/INFO]: [CHAT] §c§l0...
[00:10:11] [Server thread/INFO]: Received mission: §9Survival of the Fittest!
[00:10:11] [Server thread/INFO]: Source: §a127.0.0.1
[00:10:11] [Client thread/INFO]: [CHAT] Received mission: §9Survival of the Fittest!
[00:10:11] [Client thread/INFO]: [CHAT] Source: §a127.0.0.1
[00:10:15] [Client thread/INFO]: [CHAT] §l30...
[00:10:16] [Client thread/INFO]: [CHAT] §l29...
[00:10:17] [Client thread/INFO]: [CHAT] §l28...
[00:10:18] [Client thread/INFO]: [CHAT] §l27...
[00:10:19] [Client thread/INFO]: [CHAT] §l26...
[00:10:20] [Client thread/INFO]: [CHAT] §l25...
[00:10:21] [Client thread/INFO]: [CHAT] §l24...
[00:10:22] [Client thread/INFO]: [CHAT] §l23...
[00:10:23] [Client thread/INFO]: [CHAT] §l22...
[00:10:24] [Client thread/INFO]: [CHAT] §l21...
[00:10:25] [Client thread/INFO]: [CHAT] §l20...
[00:10:26] [Client thread/INFO]: [CHAT] §l19...
[00:10:27] [Client thread/INFO]: [CHAT] §l18...
[00:10:28] [Client thread/INFO]: [CHAT] §l17...
[00:10:29] [Server thread/INFO]: SOTF Bot was slain by Zombie
[00:10:29] [Client thread/INFO]: [CHAT] SOTF Bot was slain by Zombie
[00:10:29] [Client thread/INFO]: [CHAT] §l16...
[00:14:32] [Server thread/INFO]: Received mission: §9Survival of the Fittest!
[00:14:32] [Server thread/INFO]: Source: §a127.0.0.1
[00:14:32] [Client thread/INFO]: [CHAT] Received mission: §9Survival of the Fittest!
[00:14:32] [Client thread/INFO]: [CHAT] Source: §a127.0.0.1
[00:14:37] [Server thread/WARN]: Can't keep up! Did the system time change, or is the server overloaded? Running 5038ms behind, skipping 100 tick(s)
[00:14:41] [Server thread/INFO]: Received mission: §9Survival of the Fittest!
[00:14:41] [Server thread/INFO]: Source: §a127.0.0.1
[00:14:41] [Client thread/INFO]: [CHAT] Received mission: §9Survival of the Fittest!
[00:14:41] [Client thread/INFO]: [CHAT] Source: §a127.0.0.1
[00:14:45] [Client thread/INFO]: [CHAT] §c§l1...
[00:14:45] [Client thread/INFO]: [CHAT] §c§l0...
[00:14:46] [Server thread/INFO]: Received mission: §9Survival of the Fittest!
[00:14:46] [Server thread/INFO]: Source: §a127.0.0.1
[00:14:46] [Client thread/INFO]: [CHAT] Received mission: §9Survival of the Fittest!
[00:14:46] [Client thread/INFO]: [CHAT] Source: §a127.0.0.1
[00:14:50] [Client thread/INFO]: [CHAT] §l30...
[00:14:51] [Client thread/INFO]: [CHAT] §l29...
[00:14:52] [Client thread/INFO]: [CHAT] §l28...
[00:14:53] [Client thread/INFO]: [CHAT] §l27...
[00:14:54] [Client thread/INFO]: [CHAT] §l26...
[00:14:55] [Client thread/INFO]: [CHAT] §l25...
[00:14:56] [Client thread/INFO]: [CHAT] §l24...
[00:14:57] [Client thread/INFO]: [CHAT] §l23...
[00:14:58] [Client thread/INFO]: [CHAT] §l22...
[00:14:59] [Client thread/INFO]: [CHAT] §l21...
[00:15:00] [Client thread/INFO]: [CHAT] §l20...
[00:15:01] [Client thread/INFO]: [CHAT] §l19...
[00:15:02] [Client thread/INFO]: [CHAT] §l18...
[00:15:03] [Client thread/INFO]: [CHAT] §l17...
[00:15:04] [Client thread/INFO]: [CHAT] §l16...
[00:15:05] [Client thread/INFO]: [CHAT] §l15...
[00:15:06] [Client thread/INFO]: [CHAT] §l14...
[00:15:07] [Client thread/INFO]: [CHAT] §l13...
[00:15:08] [Client thread/INFO]: [CHAT] §l12...
[00:15:09] [Client thread/INFO]: [CHAT] §l11...
[00:15:10] [Client thread/INFO]: [CHAT] §l10...
[00:15:11] [Client thread/INFO]: [CHAT] §l9...
[00:15:12] [Client thread/INFO]: [CHAT] §l8...
[00:15:13] [Client thread/INFO]: [CHAT] §l7...
[00:15:14] [Client thread/INFO]: [CHAT] §l6...
[00:15:15] [Client thread/INFO]: [CHAT] §c§l5...
[00:15:16] [Client thread/INFO]: [CHAT] §c§l4...
[00:15:17] [Client thread/INFO]: [CHAT] §c§l3...
[00:15:18] [Client thread/INFO]: [CHAT] §c§l2...
[00:15:19] [Client thread/INFO]: [CHAT] §c§l1...
[00:15:20] [Client thread/INFO]: [CHAT] §c§l0...
[00:15:45] [Server thread/INFO]: Received mission: §9Survival of the Fittest!
[00:15:45] [Server thread/INFO]: Source: §a127.0.0.1
[00:15:45] [Client thread/INFO]: [CHAT] Received mission: §9Survival of the Fittest!
[00:15:45] [Client thread/INFO]: [CHAT] Source: §a127.0.0.1
[00:15:50] [Server thread/WARN]: Can't keep up! Did the system time change, or is the server overloaded? Running 4700ms behind, skipping 94 tick(s)
[00:15:50] [Client thread/INFO]: [CHAT] §c§l1...
[00:15:50] [Client thread/INFO]: [CHAT] §c§l0...
[00:15:53] [Server thread/INFO]: Received mission: §9Survival of the Fittest!
[00:15:53] [Server thread/INFO]: Source: §a127.0.0.1
[00:15:53] [Client thread/INFO]: [CHAT] Received mission: §9Survival of the Fittest!
[00:15:53] [Client thread/INFO]: [CHAT] Source: §a127.0.0.1
[00:15:57] [Client thread/INFO]: [CHAT] §c§l1...
[00:15:57] [Client thread/INFO]: [CHAT] §c§l0...
[00:15:58] [Server thread/INFO]: Received mission: §9Survival of the Fittest!
[00:15:58] [Server thread/INFO]: Source: §a127.0.0.1
[00:15:58] [Client thread/INFO]: [CHAT] Received mission: §9Survival of the Fittest!
[00:15:58] [Client thread/INFO]: [CHAT] Source: §a127.0.0.1
[00:16:03] [Client thread/INFO]: [CHAT] §l30...
[00:16:04] [Client thread/INFO]: [CHAT] §l29...
[00:16:05] [Client thread/INFO]: [CHAT] §l28...
[00:16:06] [Client thread/INFO]: [CHAT] §l27...
[00:16:06] [Client Shutdown Thread/INFO]: Stopping server
